Traceback (most recent call last):
  File "code/main.py", line 265, in <module>
    main_mutag(args)
  File "code/main.py", line 188, in main_mutag
    edge_masks_set, Time = compute_edge_masks_gc_batch(model, test_data, device, args)
  File "/cluster/home/kamara/Explain/code/explainer/genmask.py", line 60, in compute_edge_masks_gc_batch
    edge_mask = explain_function(model, h0[i], edge_index_set[batch_idx][i], targets[i], device, args)
  File "/cluster/home/kamara/Explain/code/explainer/graph_explainer.py", line 32, in explain_sa_graph
    saliency_mask = saliency.attribute(
  File "/cluster/home/kamara/.local/lib/python3.8/site-packages/captum/log/__init__.py", line 35, in wrapper
    return func(*args, **kwargs)
  File "/cluster/home/kamara/.local/lib/python3.8/site-packages/captum/attr/_core/saliency.py", line 130, in attribute
    gradients = self.gradient_func(self.forward_func, inputs, target, additional_forward_args)
  File "/cluster/home/kamara/.local/lib/python3.8/site-packages/captum/_utils/gradient.py", line 99, in compute_gradients
    outputs = _run_forward(forward_fn, inputs, target_ind, additional_forward_args)
  File "/cluster/home/kamara/.local/lib/python3.8/site-packages/captum/_utils/common.py", line 461, in _run_forward
    return _select_targets(output, target)
  File "/cluster/home/kamara/.local/lib/python3.8/site-packages/captum/_utils/common.py", line 501, in _select_targets
    raise AssertionError("Target type %r is not valid." % target)
AssertionError: Target type 0 is not valid.
